******************************************************
***          SENSE Simulation Parameters           ***
******************************************************
4000  ICs randomly generated from input parameters
------------------------------------------------------
e-beam:  En0        =   1513497907.7206886  eV
e-beam:  gamma_0    =   2961.839530332681
e-beam:  sig_g      =   0.000936142
e-beam:  eps_x_n    =   8.34721e-05  m rad
e-beam:  eps_y_n    =   5.53116e-07  m rad
e-beam:  eps_x      =   2.8182519392137427e-08  m rad
e-beam:  eps_y      =   1.8674745688800791e-10  m rad
e-beam:  sigma_e_x  =   0.000996535  m
e-beam:  sigma_e_y  =   9.93258e-06  m
e-beam:  sigma_e_px =   2.8280511364013735e-05  rad
e-beam:  sigma_e_py =   1.8801505438466934e-05  rad
------------------------------------------------------
p-beam:  lambda0    =   0.1  m
p-beam:  p_0        =   8.088372558096748e-19  kg m/s
p-beam:  sig        =   89.0
p-beam:  sigma_p_x  =   15.0  m
p-beam:  sigma_p_y  =   15.0  m
p-beam:  a0         =   2.12
p-beam:  iTypeEnv   =   5
p-beam:  modType    =   11
p-beam:  n_gamma    =   3.450045626707386
p-beam:  X          =   2.8741860757988563e-07
p-beam:  angle      =   0.0  rad
------------------------------------------------------
p-beam:  no chirp
------------------------------------------------------
aperture:  circular 
aperture:  L_aper   =   15.5  m
aperture:  R_aper   =   0.000155  m
aperture:  theta_a  =   9.999999999666668e-06  rad
------------------------------------------------------
IP:  beta_x   =   35.23751700148062  m
IP:  beta_y   =   0.5282864200692378  m
------------------------------------------------------
simulation:  w_min  =   0.297
simulation:  w_max  =   0.318
simulation:  Nout   =   150
simulation:  Ntot   =   14000
simulation:  Npart  =   4000
simulation:  N_MC   =   1
------------------------------------------------------
e-beam mean E_0     =   1513.4979077206885  MeV (computed)
scattered mean E'   =   0.43506324192474616  keV
******************************************************
Finished sampling electron distribution...
Finished computing parameters for each electron...
Now executing spectrum computation on  12  CPUs

real	2m49.942s
user	13m16.545s
sys	0m5.602s
