******************************************************
***          SENSE Simulation Parameters           ***
******************************************************
4000  ICs randomly generated from input parameters
------------------------------------------------------
e-beam:  En0        =   1513498198.1983535  eV
e-beam:  gamma_0    =   2961.839530332681
e-beam:  sig_g      =   0.000806175
e-beam:  eps_x_n    =   5.79402e-06  m rad
e-beam:  eps_y_n    =   1.61068e-07  m rad
e-beam:  eps_x      =   1.956223468780971e-09  m rad
e-beam:  eps_y      =   5.438106904525933e-11  m rad
e-beam:  sigma_e_x  =   0.000511229  m
e-beam:  sigma_e_y  =   1.81438e-06  m
e-beam:  sigma_e_px =   3.826511150151833e-06  rad
e-beam:  sigma_e_py =   2.997225997049093e-05  rad
------------------------------------------------------
p-beam:  lambda0    =   0.1  m
p-beam:  p_0        =   8.088372558096748e-19  kg m/s
p-beam:  sig        =   89.0
p-beam:  sigma_p_x  =   15.0  m
p-beam:  sigma_p_y  =   15.0  m
p-beam:  a0         =   2.12
p-beam:  iTypeEnv   =   5
p-beam:  modType    =   11
p-beam:  n_gamma    =   3.450045626707386
p-beam:  X          =   2.8741860757988563e-07
p-beam:  angle      =   0.0  rad
------------------------------------------------------
p-beam:  no chirp
------------------------------------------------------
aperture:  circular 
aperture:  L_aper   =   15.5  m
aperture:  R_aper   =   0.000155  m
aperture:  theta_a  =   9.999999999666668e-06  rad
------------------------------------------------------
IP:  beta_x   =   133.60185817822975  m
IP:  beta_y   =   0.06053530837468849  m
------------------------------------------------------
simulation:  w_min  =   0.9
simulation:  w_max  =   0.94
simulation:  Nout   =   200
simulation:  Ntot   =   18000
simulation:  Npart  =   4000
simulation:  N_MC   =   1
------------------------------------------------------
e-beam mean E_0     =   1513.4981981983535  MeV (computed)
scattered mean E'   =   0.43506324192474616  keV
******************************************************
Finished sampling electron distribution...
Finished computing parameters for each electron...
Now executing spectrum computation on  12  CPUs

real	5m20.143s
user	28m46.701s
sys	0m10.352s
